
> ocpp-ws-io@1.0.0 build
> tsup

[34mCLI[39m Building entry: {"index":"src/index.ts","adapters/redis":"src/adapters/redis/index.ts","logger":"src/logger/index.ts"}
[34mCLI[39m Using tsconfig: tsconfig.json
[34mCLI[39m Building entry: {"browser":"src/browser/index.ts"}
[34mCLI[39m Using tsconfig: tsconfig.json
[34mCLI[39m tsup v8.5.1
[34mCLI[39m Using tsup config: D:\projects\ocpp-ws-io\packages\ocpp-ws-io\tsup.config.ts
[34mCLI[39m tsup v8.5.1
[34mCLI[39m Using tsup config: D:\projects\ocpp-ws-io\packages\ocpp-ws-io\tsup.config.ts
[34mCLI[39m Target: node18
[34mCLI[39m Target: esnext
[34mCJS[39m Build start
[34mESM[39m Build start
[34mCLI[39m Cleaning output folder
[34mCJS[39m Build start
[34mESM[39m Build start
[32mCJS[39m [1mdist\browser.js     [22m[32m40.05 KB[39m
[32mCJS[39m [1mdist\browser.js.map [22m[32m109.33 KB[39m
[32mCJS[39m ⚡️ Build success in 124ms
[32mESM[39m [1mdist\browser.mjs     [22m[32m38.44 KB[39m
[32mESM[39m [1mdist\browser.mjs.map [22m[32m107.71 KB[39m
[32mESM[39m ⚡️ Build success in 145ms
[32mCJS[39m [1mdist\adapters\redis.js     [22m[32m12.24 KB[39m
[32mCJS[39m [1mdist\logger.js             [22m[32m1.11 KB[39m
[32mCJS[39m [1mdist\index.js              [22m[32m1.30 MB[39m
[32mCJS[39m [1mdist\adapters\redis.js.map [22m[32m27.35 KB[39m
[32mCJS[39m [1mdist\logger.js.map         [22m[32m457.00 B[39m
[32mCJS[39m [1mdist\index.js.map          [22m[32m2.34 MB[39m
[32mCJS[39m ⚡️ Build success in 344ms
[32mESM[39m [1mdist\adapters\redis.mjs     [22m[32m11.22 KB[39m
[32mESM[39m [1mdist\logger.mjs             [22m[32m86.00 B[39m
[32mESM[39m [1mdist\index.mjs              [22m[32m1.30 MB[39m
[32mESM[39m [1mdist\logger.mjs.map         [22m[32m424.00 B[39m
[32mESM[39m [1mdist\adapters\redis.mjs.map [22m[32m27.31 KB[39m
[32mESM[39m [1mdist\index.mjs.map          [22m[32m2.34 MB[39m
[32mESM[39m ⚡️ Build success in 345ms
[34mDTS[39m Build start
[34mDTS[39m Build start
[32mDTS[39m ⚡️ Build success in 6508ms
[32mDTS[39m [1mdist\browser.d.ts  [22m[32m169.11 KB[39m
[32mDTS[39m [1mdist\browser.d.mts [22m[32m169.11 KB[39m
[32mDTS[39m ⚡️ Build success in 10786ms
[32mDTS[39m [1mdist\logger.d.ts          [22m[32m28.00 B[39m
[32mDTS[39m [1mdist\index.d.ts           [22m[32m20.18 KB[39m
[32mDTS[39m [1mdist\adapters\redis.d.ts  [22m[32m237.00 B[39m
[32mDTS[39m [1mdist\index-BuQjzs3D.d.ts  [22m[32m178.42 KB[39m
[32mDTS[39m [1mdist\logger.d.mts         [22m[32m28.00 B[39m
[32mDTS[39m [1mdist\index.d.mts          [22m[32m20.19 KB[39m
[32mDTS[39m [1mdist\adapters\redis.d.mts [22m[32m238.00 B[39m
[32mDTS[39m [1mdist\index-BuQjzs3D.d.mts [22m[32m178.42 KB[39m
